<?xml version="1.0" encoding="UTF-8"?>
<testsuite xmlns:xsi="http://www.w3.org/2001/XMLSchema-instance" xsi:noNamespaceSchemaLocation="https://maven.apache.org/surefire/maven-surefire-plugin/xsd/surefire-test-report.xsd" name="UserServiceTest" time="0.093" tests="3" errors="0" skipped="0" failures="1">
  <properties>
[...]
</properties>
  <testcase name="testIfUserExistAndPasswordWeak" classname="UserServiceTest" time="0.01">
    <failure type="java.lang.AssertionError">java.lang.AssertionError
	at UserServiceTest.testIfUserExistAndPasswordWeak(UserServiceTest.java:19)
</failure>
  </testcase>
  <testcase name="testIfUserExistsAndIfPasswordIsCorrect" classname="UserServiceTest" time="0"/>
  <testcase name="testIfUserDoesNotExistAndPasswordCorrect" classname="UserServiceTest" time="0"/>
</testsuite>